<?xml version="1.0" encoding="UTF-8"?>
<coverage generated="1788006464">
  <project timestamp="1788006464">
    <file name="/home/runner/work/numeric-range-rule/numeric-range-rule/src/NumericRangeRule.php">
      <class name="Aegisora\Rules\NumericRangeRule" namespace="global">
        <metrics complexity="29" methods="13" coveredmethods="0" conditionals="0" coveredconditionals="0" statements="38" coveredstatements="0" elements="51" coveredelements="0"/>
      </class>
      <line num="30" type="method" name="__construct" visibility="private" complexity="1" crap="2" count="0"/>
      <line num="36" type="stmt" count="0"/>
      <line num="37" type="stmt" count="0"/>
      <line num="38" type="stmt" count="0"/>
      <line num="40" type="stmt" count="0"/>
      <line num="41" type="stmt" count="0"/>
      <line num="42" type="stmt" count="0"/>
      <line num="43" type="stmt" count="0"/>
      <line num="50" type="method" name="createGreaterThan" visibility="public" complexity="1" crap="2" count="0"/>
      <line num="52" type="stmt" count="0"/>
      <line num="59" type="method" name="createGreaterThanOrEqualTo" visibility="public" complexity="1" crap="2" count="0"/>
      <line num="61" type="stmt" count="0"/>
      <line num="68" type="method" name="createLessThan" visibility="public" complexity="1" crap="2" count="0"/>
      <line num="70" type="stmt" count="0"/>
      <line num="77" type="method" name="createLessThanOrEqualTo" visibility="public" complexity="1" crap="2" count="0"/>
      <line num="79" type="stmt" count="0"/>
      <line num="87" type="method" name="createBetween" visibility="public" complexity="1" crap="2" count="0"/>
      <line num="91" type="stmt" count="0"/>
      <line num="99" type="method" name="createBetweenExclusive" visibility="public" complexity="1" crap="2" count="0"/>
      <line num="103" type="stmt" count="0"/>
      <line num="111" type="method" name="createBetweenMinExclusive" visibility="public" complexity="1" crap="2" count="0"/>
      <line num="115" type="stmt" count="0"/>
      <line num="123" type="method" name="createBetweenMaxExclusive" visibility="public" complexity="1" crap="2" count="0"/>
      <line num="127" type="stmt" count="0"/>
      <line num="130" type="method" name="executeValidate" visibility="protected" complexity="3" crap="12" count="0"/>
      <line num="132" type="stmt" count="0"/>
      <line num="134" type="stmt" count="0"/>
      <line num="135" type="stmt" count="0"/>
      <line num="138" type="stmt" count="0"/>
      <line num="139" type="stmt" count="0"/>
      <line num="140" type="stmt" count="0"/>
      <line num="146" type="method" name="isSatisfiedBy" visibility="private" complexity="7" crap="56" count="0"/>
      <line num="148" type="stmt" count="0"/>
      <line num="149" type="stmt" count="0"/>
      <line num="151" type="stmt" count="0"/>
      <line num="152" type="stmt" count="0"/>
      <line num="156" type="stmt" count="0"/>
      <line num="157" type="stmt" count="0"/>
      <line num="159" type="stmt" count="0"/>
      <line num="160" type="stmt" count="0"/>
      <line num="164" type="stmt" count="0"/>
      <line num="171" type="method" name="validateBound" visibility="private" complexity="3" crap="12" count="0"/>
      <line num="173" type="stmt" count="0"/>
      <line num="174" type="stmt" count="0"/>
      <line num="183" type="method" name="validateRange" visibility="private" complexity="7" crap="56" count="0"/>
      <line num="189" type="stmt" count="0"/>
      <line num="190" type="stmt" count="0"/>
      <line num="193" type="stmt" count="0"/>
      <line num="194" type="stmt" count="0"/>
      <line num="197" type="stmt" count="0"/>
      <line num="198" type="stmt" count="0"/>
      <metrics loc="202" ncloc="143" classes="1" methods="13" coveredmethods="0" conditionals="0" coveredconditionals="0" statements="38" coveredstatements="0" elements="51" coveredelements="0"/>
    </file>
    <metrics files="1" loc="202" ncloc="143" classes="1" methods="13" coveredmethods="0" conditionals="0" coveredconditionals="0" statements="38" coveredstatements="0" elements="51" coveredelements="0"/>
  </project>
</coverage>
