<?xml version="1.0" encoding="UTF-8"?>
<coverage generated="1788004846">
  <project timestamp="1788004846">
    <file name="/home/runner/work/numeric-range-rule/numeric-range-rule/src/NumericRangeRule.php">
      <class name="Aegisora\Rules\NumericRangeRule" namespace="global">
        <metrics complexity="1" methods="1" coveredmethods="0" conditionals="0" coveredconditionals="0" statements="4" coveredstatements="0" elements="5" coveredelements="0"/>
      </class>
      <line num="26" type="method" name="__construct" visibility="private" complexity="1" crap="2" count="0"/>
      <line num="32" type="stmt" count="0"/>
      <line num="33" type="stmt" count="0"/>
      <line num="34" type="stmt" count="0"/>
      <line num="35" type="stmt" count="0"/>
      <metrics loc="38" ncloc="26" classes="1" methods="1" coveredmethods="0" conditionals="0" coveredconditionals="0" statements="4" coveredstatements="0" elements="5" coveredelements="0"/>
    </file>
    <metrics files="1" loc="38" ncloc="26" classes="1" methods="1" coveredmethods="0" conditionals="0" coveredconditionals="0" statements="4" coveredstatements="0" elements="5" coveredelements="0"/>
  </project>
</coverage>
